<?xml version="1.0" encoding="UTF-8" ?>
<testsuite tests="13" failures="0" name="computers.RunCucumberTest" time="47.586" errors="0" skipped="0">
  <properties>
[...]
</properties>
  <testcase classname="Add computer" name="Success message displayed when computer added" time="16.299"/>
  <testcase classname="Add computer" name="Computers created with correct details #1" time="2.397"/>
  <testcase classname="Add computer" name="Computers created with correct details #2" time="2.634"/>
  <testcase classname="Add computer" name="Computers created with correct details #3" time="2.684"/>
  <testcase classname="Add computer" name="Computers created with correct details #4" time="2.452"/>
  <testcase classname="Add computer" name="Computers created with correct details #5" time="3.025"/>
  <testcase classname="Add computer" name="Name is mandatory when adding computer" time="4.229"/>
  <testcase classname="Add computer" name="Cancel add computer flow" time="1.653"/>
  <testcase classname="Delete computer" name="Success message displayed when computer deleted" time="2.282"/>
  <testcase classname="Delete computer" name="Deleted computer no longer found in search" time="2.555"/>
  <testcase classname="Edit computer" name="Success message displayed when computer deleted edited" time="2.06"/>
  <testcase classname="Edit computer" name="Computers updated with correct details #1" time="2.553"/>
  <testcase classname="Edit computer" name="Computers updated with correct details #2" time="2.763"/>
</testsuite>