<?xml version="1.0" encoding="UTF-8"?>
<testng-results ignored="0" total="0" passed="0" failed="0" skipped="0">
  <reporter-output>
  </reporter-output>
  <suite started-at="2020-07-17T18:22:49Z" name="computers.RunCucumberTest" finished-at="2020-07-17T18:22:49Z" duration-ms="5">
    <groups>
    </groups>
    <test started-at="2020-07-17T18:22:49Z" name="Command line test" finished-at="2020-07-17T18:22:49Z" duration-ms="5">
    </test> <!-- Command line test -->
  </suite> <!-- computers.RunCucumberTest -->
</testng-results>
